<?xml version="1.0" encoding="UTF-8"?>
<!-- Generated by org.testng.reporters.JUnitReportReporter -->
<testsuite hostname="DESKTOP-41NCCCI" failures="0" tests="3" name="LieuMinhHoang.tests.SubmitOrderTest" time="20.542" errors="0" timestamp="2024-07-23T07:46:13 ICT" skipped="0">
  <testcase classname="LieuMinhHoang.tests.SubmitOrderTest" name="submitOrder" time="7.720"/>
  <testcase classname="LieuMinhHoang.tests.SubmitOrderTest" name="OrderHistoryTest" time="5.042"/>
  <testcase classname="LieuMinhHoang.tests.SubmitOrderTest" name="submitOrder" time="7.780"/>
</testsuite> <!-- LieuMinhHoang.tests.SubmitOrderTest -->
